TN:
SF:src\utils\Constants.jsx
FNF:0
FNH:0
DA:1,1
DA:2,1
DA:3,1
DA:4,1
DA:5,1
DA:6,1
DA:7,1
LF:7
LH:7
BRF:0
BRH:0
end_of_record
TN:
SF:src\utils\api.jsx
FN:4,getTasks
FNF:1
FNH:1
FNDA:2,getTasks
DA:1,1
DA:2,1
DA:3,1
DA:4,2
DA:5,2
DA:6,2
DA:7,2
DA:8,2
DA:9,1
DA:10,1
DA:11,1
DA:12,1
DA:13,2
DA:14,1
DA:15,1
LF:15
LH:15
BRDA:4,0,0,2
BRDA:8,1,0,1
BRF:2
BRH:2
end_of_record
TN:
SF:src\utils\Filters\taskFilters.jsx
FN:1,filterTasksByRecurring
FN:5,filterTasksByStatus
FNF:2
FNH:2
FNDA:2,filterTasksByRecurring
FNDA:2,filterTasksByStatus
DA:1,1
DA:2,2
DA:3,2
DA:4,1
DA:5,1
DA:6,2
DA:7,8
DA:8,0
DA:9,8
DA:10,4
DA:11,4
DA:12,4
DA:13,4
DA:14,0
DA:15,2
DA:16,2
LF:16
LH:14
BRDA:1,0,0,2
BRDA:2,1,0,8
BRDA:5,2,0,2
BRDA:6,3,0,8
BRDA:7,4,0,0
BRDA:9,5,0,4
BRDA:13,6,0,0
BRF:7
BRH:5
end_of_record
